<?xml version="1.0" encoding="UTF-8"?>
<testsuite xmlns:xsi="http://www.w3.org/2001/XMLSchema-instance" xsi:noNamespaceSchemaLocation="https://maven.apache.org/surefire/maven-surefire-plugin/xsd/surefire-test-report-3.0.xsd" version="3.0" name="TestSuite" time="3.851" tests="4" errors="0" skipped="3" failures="1">
  <properties>
[...]
</properties>
  <testcase name="setUp" classname="com.arsatec.tests.LoginTests" time="3.652">
    <failure message="Could not start a new session. Response code 500. Message: Expected browser binary location, but unable to find binary in default location, no &apos;moz:firefoxOptions.binary&apos; capability provided, and no binary flag set on the command line &#10;Host info: host: &apos;codespaces-cff5d6&apos;, ip: &apos;127.0.0.1&apos;&#10;Build info: version: &apos;4.17.0&apos;, revision: &apos;e52b1be057*&apos;&#10;System info: os.name: &apos;Linux&apos;, os.arch: &apos;amd64&apos;, os.version: &apos;6.8.0-1044-azure&apos;, java.version: &apos;25.0.1&apos;&#10;Driver info: org.openqa.selenium.firefox.FirefoxDriver&#10;Command: [null, newSession {capabilities=[Capabilities {acceptInsecureCerts: true, browserName: firefox, moz:debuggerAddress: true, moz:firefoxOptions: {args: [--headless, --no-sandbox, --disable-dev-shm-usage]}}]}]" type="org.openqa.selenium.SessionNotCreatedException"><![CDATA[org.openqa.selenium.SessionNotCreatedException: 
Could not start a new session. Response code 500. Message: Expected browser binary location, but unable to find binary in default location, no 'moz:firefoxOptions.binary' capability provided, and no binary flag set on the command line 
Host info: host: 'codespaces-cff5d6', ip: '127.0.0.1'
Build info: version: '4.17.0', revision: 'e52b1be057*'
System info: os.name: 'Linux', os.arch: 'amd64', os.version: '6.8.0-1044-azure', java.version: '25.0.1'
Driver info: org.openqa.selenium.firefox.FirefoxDriver
Command: [null, newSession {capabilities=[Capabilities {acceptInsecureCerts: true, browserName: firefox, moz:debuggerAddress: true, moz:firefoxOptions: {args: [--headless, --no-sandbox, --disable-dev-shm-usage]}}]}]
	at org.openqa.selenium.remote.ProtocolHandshake.createSession(ProtocolHandshake.java:139)
	at org.openqa.selenium.remote.ProtocolHandshake.createSession(ProtocolHandshake.java:95)
	at org.openqa.selenium.remote.ProtocolHandshake.createSession(ProtocolHandshake.java:67)
	at org.openqa.selenium.remote.HttpCommandExecutor.execute(HttpCommandExecutor.java:162)
	at org.openqa.selenium.remote.service.DriverCommandExecutor.invokeExecute(DriverCommandExecutor.java:216)
	at org.openqa.selenium.remote.service.DriverCommandExecutor.execute(DriverCommandExecutor.java:174)
	at org.openqa.selenium.remote.RemoteWebDriver.execute(RemoteWebDriver.java:519)
	at org.openqa.selenium.remote.RemoteWebDriver.startSession(RemoteWebDriver.java:233)
	at org.openqa.selenium.remote.RemoteWebDriver.<init>(RemoteWebDriver.java:162)
	at org.openqa.selenium.firefox.FirefoxDriver.<init>(FirefoxDriver.java:155)
	at org.openqa.selenium.firefox.FirefoxDriver.<init>(FirefoxDriver.java:150)
	at org.openqa.selenium.firefox.FirefoxDriver.<init>(FirefoxDriver.java:133)
	at org.openqa.selenium.firefox.FirefoxDriver.<init>(FirefoxDriver.java:128)
	at org.openqa.selenium.firefox.FirefoxDriver.<init>(FirefoxDriver.java:113)
	at com.arsatec.config.Config.createDriver(Config.java:18)
	at com.arsatec.tests.LoginTests.setUp(LoginTests.java:21)
	at java.base/jdk.internal.reflect.DirectMethodHandleAccessor.invoke(DirectMethodHandleAccessor.java:104)
	at java.base/java.lang.reflect.Method.invoke(Method.java:565)
	at org.testng.internal.invokers.MethodInvocationHelper.invokeMethod(MethodInvocationHelper.java:139)
	at org.testng.internal.invokers.MethodInvocationHelper.invokeMethodConsideringTimeout(MethodInvocationHelper.java:69)
	at org.testng.internal.invokers.ConfigInvoker.invokeConfigurationMethod(ConfigInvoker.java:390)
	at org.testng.internal.invokers.ConfigInvoker.invokeConfigurations(ConfigInvoker.java:325)
	at org.testng.internal.invokers.TestInvoker.runConfigMethods(TestInvoker.java:810)
	at org.testng.internal.invokers.TestInvoker.invokeMethod(TestInvoker.java:577)
	at org.testng.internal.invokers.TestInvoker.invokeTestMethod(TestInvoker.java:227)
	at org.testng.internal.invokers.MethodRunner.runInSequence(MethodRunner.java:50)
	at org.testng.internal.invokers.TestInvoker$MethodInvocationAgent.invoke(TestInvoker.java:957)
	at org.testng.internal.invokers.TestInvoker.invokeTestMethods(TestInvoker.java:200)
	at org.testng.internal.invokers.TestMethodWorker.invokeTestMethods(TestMethodWorker.java:148)
	at org.testng.internal.invokers.TestMethodWorker.run(TestMethodWorker.java:128)
	at java.base/java.util.ArrayList.forEach(ArrayList.java:1604)
	at org.testng.TestRunner.privateRun(TestRunner.java:848)
	at org.testng.TestRunner.run(TestRunner.java:621)
	at org.testng.SuiteRunner.runTest(SuiteRunner.java:443)
	at org.testng.SuiteRunner.runSequentially(SuiteRunner.java:437)
	at org.testng.SuiteRunner.privateRun(SuiteRunner.java:397)
	at org.testng.SuiteRunner.run(SuiteRunner.java:336)
	at org.testng.SuiteRunnerWorker.runSuite(SuiteRunnerWorker.java:52)
	at org.testng.SuiteRunnerWorker.run(SuiteRunnerWorker.java:95)
	at org.testng.TestNG.runSuitesSequentially(TestNG.java:1280)
	at org.testng.TestNG.runSuitesLocally(TestNG.java:1200)
	at org.testng.TestNG.runSuites(TestNG.java:1114)
	at org.testng.TestNG.run(TestNG.java:1082)
	at org.apache.maven.surefire.testng.TestNGExecutor.run(TestNGExecutor.java:308)
	at org.apache.maven.surefire.testng.TestNGXmlTestSuite.execute(TestNGXmlTestSuite.java:71)
	at org.apache.maven.surefire.testng.TestNGProvider.invoke(TestNGProvider.java:113)
	at org.apache.maven.surefire.booter.ForkedBooter.runSuitesInProcess(ForkedBooter.java:385)
	at org.apache.maven.surefire.booter.ForkedBooter.execute(ForkedBooter.java:162)
	at org.apache.maven.surefire.booter.ForkedBooter.run(ForkedBooter.java:507)
	at org.apache.maven.surefire.booter.ForkedBooter.main(ForkedBooter.java:495)
]]></failure>
    <system-err><![CDATA[SLF4J: No SLF4J providers were found.
SLF4J: Defaulting to no-operation (NOP) logger implementation
SLF4J: See https://www.slf4j.org/codes.html#noProviders for further details.
]]></system-err>
  </testcase>
  <testcase name="setUp" classname="com.arsatec.tests.LoginTests" time="0.0">
    <skipped/>
  </testcase>
  <testcase name="testInvalidLogin" classname="com.arsatec.tests.LoginTests" time="0.0">
    <skipped message="Could not start a new session. Response code 500. Message: Expected browser binary location, but unable to find binary in default location, no &apos;moz:firefoxOptions.binary&apos; capability provided, and no binary flag set on the command line &#10;Host info: host: &apos;codespaces-cff5d6&apos;, ip: &apos;127.0.0.1&apos;&#10;Build info: version: &apos;4.17.0&apos;, revision: &apos;e52b1be057*&apos;&#10;System info: os.name: &apos;Linux&apos;, os.arch: &apos;amd64&apos;, os.version: &apos;6.8.0-1044-azure&apos;, java.version: &apos;25.0.1&apos;&#10;Driver info: org.openqa.selenium.firefox.FirefoxDriver&#10;Command: [null, newSession {capabilities=[Capabilities {acceptInsecureCerts: true, browserName: firefox, moz:debuggerAddress: true, moz:firefoxOptions: {args: [--headless, --no-sandbox, --disable-dev-shm-usage]}}]}]"/>
  </testcase>
  <testcase name="testValidLogin" classname="com.arsatec.tests.LoginTests" time="0.0">
    <skipped message="Could not start a new session. Response code 500. Message: Expected browser binary location, but unable to find binary in default location, no &apos;moz:firefoxOptions.binary&apos; capability provided, and no binary flag set on the command line &#10;Host info: host: &apos;codespaces-cff5d6&apos;, ip: &apos;127.0.0.1&apos;&#10;Build info: version: &apos;4.17.0&apos;, revision: &apos;e52b1be057*&apos;&#10;System info: os.name: &apos;Linux&apos;, os.arch: &apos;amd64&apos;, os.version: &apos;6.8.0-1044-azure&apos;, java.version: &apos;25.0.1&apos;&#10;Driver info: org.openqa.selenium.firefox.FirefoxDriver&#10;Command: [null, newSession {capabilities=[Capabilities {acceptInsecureCerts: true, browserName: firefox, moz:debuggerAddress: true, moz:firefoxOptions: {args: [--headless, --no-sandbox, --disable-dev-shm-usage]}}]}]"/>
  </testcase>
</testsuite>